=== RELEASE RC (prod candidate) ===
## feature/ui-mockups-v2...origin/feature/ui-mockups-v2 [ahead 53]
OK: gate:release-rc-artifacts
[preflight:prod] start
[preflight:prod] node=v25.2.1 npm=11.6.2
[preflight:prod] branch=feature/ui-mockups-v2
[preflight:prod] head=92ca0eb22557c6a79557f6a8757e21596ad2eb62
[preflight:prod] run: verify:prod:fast (REQUIRED)
[gate][OK] no tenant-specific sample data outside allowed paths.
[gate][OK] no cross-surface imports.
[gate][OK] pages whitelist satisfied (APP+CP baseline only).
[gate][OK] surfaces do not import mockups.
[gate][OK] no surfaces baseline content detected.
[gate][OK] no direct pages/** imports in app/src.
[gate][OK] no legacy surface imports in tests.
[gate][OK] no surfaces baseline deps outside allowed paths.
[gate][OK] no legacy pages directory.
[gate][OK] no cross-surface imports.
[gate][OK] no direct localStorage writes outside platform.
OK: gate:runtime-config
OK: gate:no-node-in-browser
OK: gate:runtime-config-example-ssot
OK: gate:entitlements-kernel
OK: gate:no-raw-console
OK: gate:root-clean
OK: gate:boundaries-map
WARN_HARDCODED_COLORS: detected potential hardcoded colors (warn-only).
- app/src/styles/STYLE_ADMIN_FINAL.css
- app/src/styles/tokens.generated.css
- app/src/ui-v2-mockups/metier/components/CardMetierV2.tsx
OK: gate:no-hardcoded-colors-warn
OK: gate:tenant-overrides-no-node
OK: gate:cp-tenant-overrides-writer-warn
OK: gate:safe-mode-writer-warn
OK: gate:safe-mode-cp-only-warn
OK: gate:diagnostics-artifacts
OK: gate:workspaces-boundaries (SSOT)
OK: gate:modules-no-app-imports
OK: budget:hardcoded-colors count=3 max=9
OK: budget:no-raw-console count=0 max=0
OK: budget:safe-mode-cp-only count=0 max=0
OK: gate:release-artifacts-location
[preflight:prod] run: proofs:logs
[logs-route-check] OK
[preflight:prod] run: verify:ssot:fast (REQUIRED)
[15:40:43] verify:ssot mode=fast
[15:40:43] workspace=/Users/danygaudreault/iCONTROLapp/app
[15:40:43] ts=20260201_154043
[15:40:43] --- GOVERNANCE SCANS ---
[15:40:44] __ICONTROL_MOUNT__ writes in src/main.ts: 1
[15:40:44] --- GOVERNANCE SCANS: PASS ---
[15:40:44] PASS: verify:ssot:fast
[15:40:44] Evidence: _audit/VERIFY_SSOT_FAST_20260201_154043.log
[preflight:prod] run: build:prod (REQUIRED)
vite v7.3.1 building client environment for production...
transforming...
✓ 220 modules transformed.
rendering chunks...
computing gzip size...
_artifacts/dist/app/index.html                              4.61 kB │ gzip:  1.91 kB
_artifacts/dist/app/assets/index-DytlAriV.css              42.41 kB │ gzip:  6.90 kB
_artifacts/dist/app/assets/versionGate-BZXDSCDX.js          0.07 kB │ gzip:  0.09 kB
_artifacts/dist/app/assets/pageAccessGuard-B4T7so9q.js      0.07 kB │ gzip:  0.09 kB
_artifacts/dist/app/assets/safeMode-CqxXM-nk.js             0.10 kB │ gzip:  0.11 kB
_artifacts/dist/app/assets/coreStyles-C3gNyn5Q.js           0.10 kB │ gzip:  0.11 kB
_artifacts/dist/app/assets/cpLayout-CrYUC8qp.js             0.42 kB │ gzip:  0.28 kB
_artifacts/dist/app/assets/vendor-react-CtaMe3Rq.js         0.46 kB │ gzip:  0.30 kB
_artifacts/dist/app/assets/Page-BXzJzkwR.js                 0.75 kB │ gzip:  0.46 kB
_artifacts/dist/app/assets/renderAccessDenied-Bc8N8_OQ.js   0.87 kB │ gzip:  0.51 kB
_artifacts/dist/app/assets/Page-BRMCQNNk.js                 0.98 kB │ gzip:  0.59 kB
_artifacts/dist/app/assets/runtime-smoke-BRMCQNNk.js        0.98 kB │ gzip:  0.59 kB
_artifacts/dist/app/assets/obsCodes-CPNWe1Hp.js             1.05 kB │ gzip:  0.55 kB
_artifacts/dist/app/assets/Page-BFro6EtD.js                 1.41 kB │ gzip:  0.69 kB
_artifacts/dist/app/assets/Page-nOpA7X02.js                 1.52 kB │ gzip:  0.86 kB
_artifacts/dist/app/assets/errorState-CQOhLu_C.js           1.57 kB │ gzip:  0.59 kB
_artifacts/dist/app/assets/sections-COANw08r.js             1.57 kB │ gzip:  0.55 kB
_artifacts/dist/app/assets/Page-D9iOoiAo.js                 1.58 kB │ gzip:  0.77 kB
_artifacts/dist/app/assets/index-5weCoC5f.js                1.66 kB │ gzip:  0.81 kB
_artifacts/dist/app/assets/sectionCard-D1BvL4j8.js          1.78 kB │ gzip:  0.70 kB
_artifacts/dist/app/assets/kpi-CnV5tvJl.js                  1.80 kB │ gzip:  0.71 kB
_artifacts/dist/app/assets/index-Bm81clYR.js                1.96 kB │ gzip:  0.92 kB
_artifacts/dist/app/assets/index-ItYjilC1.js                1.98 kB │ gzip:  0.90 kB
_artifacts/dist/app/assets/manifest-CPt9zsqd.js             2.06 kB │ gzip:  0.87 kB
_artifacts/dist/app/assets/mainSystem.data-BoBPA2D_.js      2.28 kB │ gzip:  0.92 kB
_artifacts/dist/app/assets/Page-hFqrVQnQ.js                 2.44 kB │ gzip:  1.06 kB
_artifacts/dist/app/assets/emptyState-BTMP49Yz.js           2.52 kB │ gzip:  0.93 kB
_artifacts/dist/app/assets/Page-CwDBtxCe.js                 2.54 kB │ gzip:  1.15 kB
_artifacts/dist/app/assets/pagesInventory-C0PCJRZF.js       3.10 kB │ gzip:  1.14 kB
_artifacts/dist/app/assets/pageShell-BieBE8Qb.js            3.21 kB │ gzip:  1.13 kB
_artifacts/dist/app/assets/rolePolicy-B2dqDPk5.js           3.24 kB │ gzip:  1.54 kB
_artifacts/dist/app/assets/manifest-B9GWfb-L.js             3.49 kB │ gzip:  1.09 kB
_artifacts/dist/app/assets/entitlementsApi-nWRS89uY.js      4.62 kB │ gzip:  2.16 kB
_artifacts/dist/app/assets/index-49y0TOj2.js                4.63 kB │ gzip:  1.91 kB
_artifacts/dist/app/assets/dataTable-De_Ep-Tf.js            5.06 kB │ gzip:  1.87 kB
_artifacts/dist/app/assets/entitlements-uCBgKg3o.js         5.64 kB │ gzip:  2.18 kB
_artifacts/dist/app/assets/toolbox-CSYgsrDa.js              5.94 kB │ gzip:  1.94 kB
_artifacts/dist/app/assets/uiBlocks-D9qtOwKt.js             6.28 kB │ gzip:  2.11 kB
_artifacts/dist/app/assets/charts-DFNQIyJK.js               7.29 kB │ gzip:  2.28 kB
_artifacts/dist/app/assets/registry-adapter-unwB12nU.js     9.00 kB │ gzip:  3.17 kB
_artifacts/dist/app/assets/Page-DH3SCYDA.js                11.99 kB │ gzip:  4.39 kB
_artifacts/dist/app/assets/index-B139zAXy.js               12.97 kB │ gzip:  4.76 kB
_artifacts/dist/app/assets/index-5cXYizZ5.js               13.23 kB │ gzip:  4.30 kB
_artifacts/dist/app/assets/index-DCrB_VVA.js               15.06 kB │ gzip:  5.47 kB
_artifacts/dist/app/assets/index-90gfesQ2.js               64.98 kB │ gzip: 17.75 kB
✓ built in 551ms
vite v7.3.1 building client environment for production...
transforming...
✓ 220 modules transformed.
rendering chunks...
computing gzip size...
_artifacts/dist/cp/index.html                              4.61 kB │ gzip:  1.91 kB
_artifacts/dist/cp/assets/index-DytlAriV.css              42.41 kB │ gzip:  6.90 kB
_artifacts/dist/cp/assets/versionGate-BZXDSCDX.js          0.07 kB │ gzip:  0.09 kB
_artifacts/dist/cp/assets/pageAccessGuard-B4T7so9q.js      0.07 kB │ gzip:  0.09 kB
_artifacts/dist/cp/assets/safeMode-CqxXM-nk.js             0.10 kB │ gzip:  0.11 kB
_artifacts/dist/cp/assets/coreStyles-C3gNyn5Q.js           0.10 kB │ gzip:  0.11 kB
_artifacts/dist/cp/assets/cpLayout-CrYUC8qp.js             0.42 kB │ gzip:  0.28 kB
_artifacts/dist/cp/assets/vendor-react-CtaMe3Rq.js         0.46 kB │ gzip:  0.30 kB
_artifacts/dist/cp/assets/Page-BXzJzkwR.js                 0.75 kB │ gzip:  0.46 kB
_artifacts/dist/cp/assets/renderAccessDenied-Bc8N8_OQ.js   0.87 kB │ gzip:  0.51 kB
_artifacts/dist/cp/assets/Page-BRMCQNNk.js                 0.98 kB │ gzip:  0.59 kB
_artifacts/dist/cp/assets/runtime-smoke-BRMCQNNk.js        0.98 kB │ gzip:  0.59 kB
_artifacts/dist/cp/assets/obsCodes-CPNWe1Hp.js             1.05 kB │ gzip:  0.55 kB
_artifacts/dist/cp/assets/Page-BFro6EtD.js                 1.41 kB │ gzip:  0.69 kB
_artifacts/dist/cp/assets/Page-nOpA7X02.js                 1.52 kB │ gzip:  0.86 kB
_artifacts/dist/cp/assets/errorState-CQOhLu_C.js           1.57 kB │ gzip:  0.59 kB
_artifacts/dist/cp/assets/sections-COANw08r.js             1.57 kB │ gzip:  0.55 kB
_artifacts/dist/cp/assets/Page-D9iOoiAo.js                 1.58 kB │ gzip:  0.77 kB
_artifacts/dist/cp/assets/index-5weCoC5f.js                1.66 kB │ gzip:  0.81 kB
_artifacts/dist/cp/assets/sectionCard-D1BvL4j8.js          1.78 kB │ gzip:  0.70 kB
_artifacts/dist/cp/assets/kpi-CnV5tvJl.js                  1.80 kB │ gzip:  0.71 kB
_artifacts/dist/cp/assets/index-Bm81clYR.js                1.96 kB │ gzip:  0.92 kB
_artifacts/dist/cp/assets/index-ItYjilC1.js                1.98 kB │ gzip:  0.90 kB
_artifacts/dist/cp/assets/manifest-CPt9zsqd.js             2.06 kB │ gzip:  0.87 kB
_artifacts/dist/cp/assets/mainSystem.data-BoBPA2D_.js      2.28 kB │ gzip:  0.92 kB
_artifacts/dist/cp/assets/Page-hFqrVQnQ.js                 2.44 kB │ gzip:  1.06 kB
_artifacts/dist/cp/assets/emptyState-BTMP49Yz.js           2.52 kB │ gzip:  0.93 kB
_artifacts/dist/cp/assets/Page-CwDBtxCe.js                 2.54 kB │ gzip:  1.15 kB
_artifacts/dist/cp/assets/pagesInventory-C0PCJRZF.js       3.10 kB │ gzip:  1.14 kB
_artifacts/dist/cp/assets/pageShell-BieBE8Qb.js            3.21 kB │ gzip:  1.13 kB
_artifacts/dist/cp/assets/rolePolicy-B2dqDPk5.js           3.24 kB │ gzip:  1.54 kB
_artifacts/dist/cp/assets/manifest-B9GWfb-L.js             3.49 kB │ gzip:  1.09 kB
_artifacts/dist/cp/assets/entitlementsApi-nWRS89uY.js      4.62 kB │ gzip:  2.16 kB
_artifacts/dist/cp/assets/index-49y0TOj2.js                4.63 kB │ gzip:  1.91 kB
_artifacts/dist/cp/assets/dataTable-De_Ep-Tf.js            5.06 kB │ gzip:  1.87 kB
_artifacts/dist/cp/assets/entitlements-uCBgKg3o.js         5.64 kB │ gzip:  2.18 kB
_artifacts/dist/cp/assets/toolbox-CSYgsrDa.js              5.94 kB │ gzip:  1.94 kB
_artifacts/dist/cp/assets/uiBlocks-D9qtOwKt.js             6.28 kB │ gzip:  2.11 kB
_artifacts/dist/cp/assets/charts-DFNQIyJK.js               7.29 kB │ gzip:  2.28 kB
_artifacts/dist/cp/assets/registry-adapter-unwB12nU.js     9.00 kB │ gzip:  3.17 kB
_artifacts/dist/cp/assets/Page-DH3SCYDA.js                11.99 kB │ gzip:  4.39 kB
_artifacts/dist/cp/assets/index-B139zAXy.js               12.97 kB │ gzip:  4.76 kB
_artifacts/dist/cp/assets/index-5cXYizZ5.js               13.23 kB │ gzip:  4.30 kB
_artifacts/dist/cp/assets/index-DCrB_VVA.js               15.06 kB │ gzip:  5.47 kB
_artifacts/dist/cp/assets/index-90gfesQ2.js               64.98 kB │ gzip: 17.75 kB
✓ built in 560ms
OK: single dist layout detected; skipping shared-assets merge.
[preflight:prod] skip: typecheck (script missing)
[preflight:prod] skip: lint (no eslint config found)
[preflight:prod] run: test

[1m[46m RUN [49m[22m [36mv4.0.16 [39m[90m/Users/danygaudreault/iCONTROLapp/app[39m

 [32m✓[39m src/__tests__/cache-refresh-meta-marker.contract.test.ts [2m([22m[2m2 tests[22m[2m)[22m[32m 136[2mms[22m[39m
 [32m✓[39m src/__tests__/activation-manual.contract.test.ts [2m([22m[2m1 test[22m[2m)[22m[32m 191[2mms[22m[39m
 [32m✓[39m src/__tests__/runtime-no-import-sideeffects.contract.test.ts [2m([22m[2m1 test[22m[2m)[22m[32m 266[2mms[22m[39m
 [32m✓[39m src/__tests__/no-import-sideeffects-critical.contract.test.ts [2m([22m[2m7 tests[22m[2m)[22m[33m 372[2mms[22m[39m
 [32m✓[39m src/__tests__/cache-metrics-cardinality.contract.test.ts [2m([22m[2m1 test[22m[2m)[22m[33m 383[2mms[22m[39m
     [33m[2m✓[22m[39m does not create unbounded metric keys for refresh.dedup reason tagging [33m 382[2mms[22m[39m
 [32m✓[39m src/__tests__/cache-singleflight-refresh-lru.contract.test.ts [2m([22m[2m5 tests[22m[2m)[22m[32m 121[2mms[22m[39m
 [32m✓[39m src/__tests__/cache-refresh-metrics.contract.test.ts [2m([22m[2m2 tests[22m[2m)[22m[32m 76[2mms[22m[39m
 [32m✓[39m ../modules/core-system/ui/frontend-ts/pages/settings/branding.test.ts [2m([22m[2m1 test[22m[2m)[22m[32m 213[2mms[22m[39m
 [32m✓[39m src/__tests__/circuit-breaker.contract.test.ts [2m([22m[2m3 tests[22m[2m)[22m[32m 64[2mms[22m[39m
[90mstdout[2m | src/__tests__/app-cp-guard.app-blocks-cp.contract.test.ts[2m > [22m[2mAPP/CP guard (contract) — APP blocks CP routes[2m > [22m[2mredirects to /app/#/dashboard when APP tries to hit CP
[22m[39m{"ts":"2026-02-01T20:40:49.479Z","level":"info","code":"OK","message":"console migrated","correlationId":"corr_04be27a7-8615-4420-959e-043da7a54406","payload":{"kind":"APP"}}
{"ts":"2026-02-01T20:40:49.524Z","level":"info","code":"OK","message":"console migrated","correlationId":"corr_04be27a7-8615-4420-959e-043da7a54406","payload":"💡 Pour diagnostiquer, tapez dans la console: __ICONTROL_DIAGNOSTIC__()"}

[90mstdout[2m | src/__tests__/app-cp-guard.cp-blocks-app.contract.test.ts[2m > [22m[2mAPP/CP guard (contract) — CP blocks APP routes[2m > [22m[2mredirects to /cp/#/dashboard when CP tries to hit APP
[22m[39m{"ts":"2026-02-01T20:40:49.480Z","level":"info","code":"OK","message":"console migrated","correlationId":"corr_16c6a870-8f43-43cf-a3c4-8d132f8b1b95","payload":{"kind":"APP"}}
{"ts":"2026-02-01T20:40:49.525Z","level":"info","code":"OK","message":"console migrated","correlationId":"corr_16c6a870-8f43-43cf-a3c4-8d132f8b1b95","payload":"💡 Pour diagnostiquer, tapez dans la console: __ICONTROL_DIAGNOSTIC__()"}

[90mstdout[2m | src/__tests__/app-cp-guard.cp-blocks-app.contract.test.ts[2m > [22m[2mAPP/CP guard (contract) — CP blocks APP routes[2m > [22m[2mredirects to /cp/#/dashboard when CP tries to hit APP
[22m[39m{"ts":"2026-02-01T20:40:49.528Z","level":"info","code":"OK","message":"Tenant overrides hydrated","correlationId":"corr_16c6a870-8f43-43cf-a3c4-8d132f8b1b95","tenantId":"default","details":{"source":"default"}}

[90mstdout[2m | src/__tests__/app-cp-guard.cp-blocks-app.contract.test.ts[2m > [22m[2mAPP/CP guard (contract) — CP blocks APP routes[2m > [22m[2mredirects to /cp/#/dashboard when CP tries to hit APP
[22m[39m{"ts":"2026-02-01T20:40:49.528Z","level":"info","code":"OK","message":"Tenant runtime hydrated","correlationId":"corr_16c6a870-8f43-43cf-a3c4-8d132f8b1b95","tenantId":"default","details":{"safeModeEnabled":false,"overridesHydrated":true}}

[90mstdout[2m | src/__tests__/app-cp-guard.app-blocks-cp.contract.test.ts[2m > [22m[2mAPP/CP guard (contract) — APP blocks CP routes[2m > [22m[2mredirects to /app/#/dashboard when APP tries to hit CP
[22m[39m{"ts":"2026-02-01T20:40:49.530Z","level":"info","code":"OK","message":"Tenant overrides hydrated","correlationId":"corr_04be27a7-8615-4420-959e-043da7a54406","tenantId":"default","details":{"source":"default"}}

[90mstdout[2m | src/__tests__/app-cp-guard.app-blocks-cp.contract.test.ts[2m > [22m[2mAPP/CP guard (contract) — APP blocks CP routes[2m > [22m[2mredirects to /app/#/dashboard when APP tries to hit CP
[22m[39m{"ts":"2026-02-01T20:40:49.532Z","level":"info","code":"OK","message":"Tenant runtime hydrated","correlationId":"corr_04be27a7-8615-4420-959e-043da7a54406","tenantId":"default","details":{"safeModeEnabled":false,"overridesHydrated":true}}

 [32m✓[39m src/__tests__/app-cp-guard.cp-blocks-app.contract.test.ts [2m([22m[2m1 test[22m[2m)[22m[33m 370[2mms[22m[39m
     [33m[2m✓[22m[39m redirects to /cp/#/dashboard when CP tries to hit APP [33m 369[2mms[22m[39m
 [32m✓[39m src/__tests__/app-cp-guard.app-blocks-cp.contract.test.ts [2m([22m[2m1 test[22m[2m)[22m[33m 373[2mms[22m[39m
     [33m[2m✓[22m[39m redirects to /app/#/dashboard when APP tries to hit CP [33m 371[2mms[22m[39m
 [32m✓[39m ../modules/core-system/ui/frontend-ts/pages/logs/index.test.ts [2m([22m[2m3 tests[22m[2m)[22m[32m 158[2mms[22m[39m
 [32m✓[39m src/__tests__/cache-refresh-metrics-shape.contract.test.ts [2m([22m[2m2 tests[22m[2m)[22m[32m 62[2mms[22m[39m
 [32m✓[39m src/__tests__/cache-refresh-metrics-no-throw.contract.test.ts [2m([22m[2m3 tests[22m[2m)[22m[32m 55[2mms[22m[39m
 [32m✓[39m src/__tests__/cache-registry.contract.test.ts [2m([22m[2m5 tests[22m[2m)[22m[32m 47[2mms[22m[39m
 [32m✓[39m ../modules/core-system/ui/frontend-ts/pages/system/index.test.ts [2m([22m[2m3 tests[22m[2m)[22m[32m 160[2mms[22m[39m
 [32m✓[39m ../modules/core-system/ui/frontend-ts/pages/dossiers/index.test.ts [2m([22m[2m9 tests[22m[2m)[22m[32m 146[2mms[22m[39m
 [32m✓[39m ../modules/core-system/ui/frontend-ts/pages/developer/index.test.ts [2m([22m[2m7 tests[22m[2m)[22m[32m 114[2mms[22m[39m
 [32m✓[39m src/__tests__/toolbox.test.ts [2m([22m[2m1 test[22m[2m)[22m[32m 28[2mms[22m[39m
 [32m✓[39m src/__tests__/ssot-css-entrypoint.contract.test.ts [2m([22m[2m1 test[22m[2m)[22m[32m 43[2mms[22m[39m
 [32m✓[39m src/__tests__/router-dossiers.test.ts [2m([22m[2m1 test[22m[2m)[22m[32m 40[2mms[22m[39m
 [32m✓[39m src/__tests__/policies-killswitch.contract.test.ts [2m([22m[2m3 tests[22m[2m)[22m[32m 39[2mms[22m[39m
 [32m✓[39m src/__tests__/runtime-import-hygiene.contract.test.ts [2m([22m[2m1 test[22m[2m)[22m[32m 30[2mms[22m[39m
 [32m✓[39m ../modules/core-system/ui/frontend-ts/pages/system/sections/cache-audit.ui.test.ts [2m([22m[2m1 test[22m[2m)[22m[32m 72[2mms[22m[39m
 [32m✓[39m src/__tests__/router-system-logs.test.ts [2m([22m[2m2 tests[22m[2m)[22m[32m 46[2mms[22m[39m
 [32m✓[39m ../modules/core-system/ui/frontend-ts/pages/_shared/uiBlocks.test.ts [2m([22m[2m9 tests[22m[2m)[22m[32m 51[2mms[22m[39m
 [32m✓[39m ../modules/core-system/ui/frontend-ts/pages/users/index.test.ts [2m([22m[2m1 test[22m[2m)[22m[32m 33[2mms[22m[39m
 [32m✓[39m ../modules/core-system/ui/frontend-ts/pages/dashboard/index.test.ts [2m([22m[2m1 test[22m[2m)[22m[32m 54[2mms[22m[39m
 [32m✓[39m src/__tests__/cache-refresh-dedup-reason.contract.test.ts [2m([22m[2m2 tests[22m[2m)[22m[32m 30[2mms[22m[39m
 [32m✓[39m ../modules/core-system/ui/frontend-ts/pages/verification/index.test.ts [2m([22m[2m1 test[22m[2m)[22m[32m 39[2mms[22m[39m
 [32m✓[39m src/__tests__/cache-bounds-hardening.contract.test.ts [2m([22m[2m3 tests[22m[2m)[22m[32m 27[2mms[22m[39m
 [32m✓[39m src/__tests__/runtime-config-endpoint.shim.contract.test.ts [2m([22m[2m2 tests[22m[2m)[22m[32m 24[2mms[22m[39m
 [32m✓[39m src/__tests__/cache-swr-killswitch.contract.test.ts [2m([22m[2m1 test[22m[2m)[22m[32m 20[2mms[22m[39m
[90mstdout[2m | src/__tests__/cp-safe-mode-clear.contract.test.ts[2m > [22m[2mCP SAFE_MODE enable/clear (contract)[2m > [22m[2menable then clear toggles persisted + mem state
[22m[39m{"ts":"2026-02-01T20:40:51.220Z","level":"info","code":"OK","message":"CP enabled tenant overrides SAFE_MODE","correlationId":"corr_3d5aa439-3837-4bbc-905f-ca9ddf61a6e0","tenantId":"t_sm","actorId":"admin1","details":{"reason":"ops"}}

[90mstdout[2m | src/__tests__/cp-safe-mode-clear.contract.test.ts[2m > [22m[2mCP SAFE_MODE enable/clear (contract)[2m > [22m[2menable then clear toggles persisted + mem state
[22m[39m{"ts":"2026-02-01T20:40:51.227Z","level":"info","code":"OK","message":"CP cleared tenant overrides SAFE_MODE","correlationId":"corr_3d5aa439-3837-4bbc-905f-ca9ddf61a6e0","tenantId":"t_sm","actorId":"admin1","details":{"reason":"fixed"}}

 [32m✓[39m src/__tests__/cp-safe-mode-clear.contract.test.ts [2m([22m[2m1 test[22m[2m)[22m[32m 11[2mms[22m[39m
[90mstdout[2m | src/__tests__/tenant-overrides-safe-mode.contract.test.ts[2m > [22m[2mtenant overrides SAFE_MODE (contract)[2m > [22m[2mwhen SAFE_MODE enabled, cache is ignored and defaults apply
[22m[39m{"ts":"2026-02-01T20:40:51.267Z","level":"info","code":"OK","message":"CP cleared tenant overrides SAFE_MODE","correlationId":"corr_99c466d7-43be-40dc-8df9-a1b929aa8a3a","tenantId":"t_safe","actorId":"test","details":{"reason":"manual_clear"}}

[90mstdout[2m | src/__tests__/tenant-overrides-safe-mode.contract.test.ts[2m > [22m[2mtenant overrides SAFE_MODE (contract)[2m > [22m[2mwhen SAFE_MODE enabled, cache is ignored and defaults apply
[22m[39m{"ts":"2026-02-01T20:40:51.274Z","level":"info","code":"OK","message":"CP enabled tenant overrides SAFE_MODE","correlationId":"corr_99c466d7-43be-40dc-8df9-a1b929aa8a3a","tenantId":"t_safe","actorId":"admin1","details":{"reason":"test"}}

[90mstdout[2m | src/__tests__/tenant-overrides-safe-mode.contract.test.ts[2m > [22m[2mtenant overrides SAFE_MODE (contract)[2m > [22m[2mwhen SAFE_MODE enabled, cache is ignored and defaults apply
[22m[39m{"ts":"2026-02-01T20:40:51.275Z","level":"info","code":"OK","message":"CP cleared tenant overrides SAFE_MODE","correlationId":"corr_99c466d7-43be-40dc-8df9-a1b929aa8a3a","tenantId":"t_safe","actorId":"admin1","details":{"reason":"cleanup"}}

 [32m✓[39m ../modules/core-system/ui/frontend-ts/pages/account/index.test.ts [2m([22m[2m1 test[22m[2m)[22m[32m 28[2mms[22m[39m
 [32m✓[39m src/__tests__/tenant-overrides-safe-mode.contract.test.ts [2m([22m[2m1 test[22m[2m)[22m[32m 12[2mms[22m[39m
 [32m✓[39m ../modules/core-system/ui/frontend-ts/pages/_shared/regression-wall.test.ts [2m([22m[2m1 test[22m[2m)[22m[32m 35[2mms[22m[39m
 [32m✓[39m src/__tests__/control-plane-governance-audit.contract.test.ts [2m([22m[2m3 tests[22m[2m)[22m[32m 18[2mms[22m[39m
 [32m✓[39m ../modules/core-system/ui/frontend-ts/pages/blocked/index.test.ts [2m([22m[2m1 test[22m[2m)[22m[32m 17[2mms[22m[39m
 [32m✓[39m src/__tests__/tenant-overrides-hydrate.contract.test.ts [2m([22m[2m1 test[22m[2m)[22m[32m 12[2mms[22m[39m
 [32m✓[39m ../modules/core-system/ui/frontend-ts/pages/settings/index.test.ts [2m([22m[2m1 test[22m[2m)[22m[32m 23[2mms[22m[39m
[90mstdout[2m | src/__tests__/tenant-overrides-safe-mode.persist.contract.test.ts[2m > [22m[2mtenant overrides SAFE_MODE persisted (contract)[2m > [22m[2menable -> hydrate -> still enabled; clear -> hydrate -> disabled
[22m[39m{"ts":"2026-02-01T20:40:51.536Z","level":"info","code":"OK","message":"CP enabled tenant overrides SAFE_MODE","correlationId":"corr_8e84e1ad-2a55-4747-af17-452b44eeddb7","tenantId":"t_persist","actorId":"admin1","details":{"reason":"test"}}

[90mstdout[2m | src/__tests__/tenant-overrides-safe-mode.persist.contract.test.ts[2m > [22m[2mtenant overrides SAFE_MODE persisted (contract)[2m > [22m[2menable -> hydrate -> still enabled; clear -> hydrate -> disabled
[22m[39m{"ts":"2026-02-01T20:40:51.553Z","level":"info","code":"OK","message":"Tenant overrides SAFE_MODE hydrated","correlationId":"corr_8e84e1ad-2a55-4747-af17-452b44eeddb7","tenantId":"t_persist","details":{"persisted":true}}

[90mstdout[2m | src/__tests__/tenant-overrides-safe-mode.persist.contract.test.ts[2m > [22m[2mtenant overrides SAFE_MODE persisted (contract)[2m > [22m[2menable -> hydrate -> still enabled; clear -> hydrate -> disabled
[22m[39m{"ts":"2026-02-01T20:40:51.555Z","level":"info","code":"OK","message":"CP cleared tenant overrides SAFE_MODE","correlationId":"corr_8e84e1ad-2a55-4747-af17-452b44eeddb7","tenantId":"t_persist","actorId":"admin1","details":{"reason":"cleanup"}}

 [32m✓[39m src/__tests__/tenant-overrides-safe-mode.persist.contract.test.ts [2m([22m[2m1 test[22m[2m)[22m[32m 24[2mms[22m[39m
[90mstdout[2m | src/__tests__/GATES_SELF_HEAL.contract.test.ts[2m > [22m[2mGATES_SELF_HEAL contract[2m > [22m[2mwrite gateway requires tenantId and correlationId for any write
[22m[39m{"ts":"2026-02-01T20:40:51.589Z","level":"info","code":"OK","message":"[WRITE_GATEWAY]","correlationId":"corr_2530d8c3-434d-4bae-b589-f76d767418f1","payload":["WRITE_GATEWAY_EXEC",{"kind":"SELF_HEAL_DRY_RUN","tenant_id":"public","correlation_id":"test_54c2b0e7-8dde-4865-87d8-b925c50990dd","status":"OK"}]}

 [32m✓[39m src/__tests__/GATES_SELF_HEAL.contract.test.ts [2m([22m[2m3 tests[22m[2m)[22m[32m 16[2mms[22m[39m
[90mstdout[2m | src/__tests__/cp-tenant-runtime-snapshot.contract.test.ts[2m > [22m[2mCP tenant runtime snapshot (contract)[2m > [22m[2mreports safe-mode + overrides applied state
[22m[39m{"ts":"2026-02-01T20:40:51.597Z","level":"info","code":"OK","message":"CP cleared tenant overrides SAFE_MODE","correlationId":"corr_ebad9c5b-e0bc-4b2f-bc19-0338a6ee71d8","tenantId":"t_snap","actorId":"test","details":{"reason":"manual_clear"}}

[90mstdout[2m | src/__tests__/cp-tenant-runtime-snapshot.contract.test.ts[2m > [22m[2mCP tenant runtime snapshot (contract)[2m > [22m[2mreports safe-mode + overrides applied state
[22m[39m{"ts":"2026-02-01T20:40:51.604Z","level":"info","code":"OK","message":"CP enabled tenant overrides SAFE_MODE","correlationId":"corr_ebad9c5b-e0bc-4b2f-bc19-0338a6ee71d8","tenantId":"t_snap","actorId":"admin1","details":{"reason":"test"}}

 [32m✓[39m src/__tests__/cp-tenant-runtime-snapshot.contract.test.ts [2m([22m[2m1 test[22m[2m)[22m[32m 13[2mms[22m[39m
[90mstdout[2m | src/__tests__/tenant-overrides-provenance.contract.test.ts[2m > [22m[2mtenant overrides provenance (contract)[2m > [22m[2mCP write records provenance and snapshot returns it
[22m[39m{"ts":"2026-02-01T20:40:51.621Z","level":"info","code":"OK","message":"Tenant overrides hydrated","correlationId":"corr_d19dc3fc-18d4-4cb0-b4b7-85dcc6c0a971","tenantId":"t_prov","actorId":"admin1","details":{"source":"vfs"}}

[90mstdout[2m | src/__tests__/tenant-overrides-provenance.contract.test.ts[2m > [22m[2mtenant overrides provenance (contract)[2m > [22m[2mCP write records provenance and snapshot returns it
[22m[39m{"ts":"2026-02-01T20:40:51.622Z","level":"info","code":"OK","message":"CP wrote tenant overrides + hydrated","correlationId":"corr_d19dc3fc-18d4-4cb0-b4b7-85dcc6c0a971","tenantId":"t_prov","actorId":"admin1","details":{"hydrated":true,"source":"vfs"}}

 [32m✓[39m src/__tests__/tenant-overrides-provenance.contract.test.ts [2m([22m[2m1 test[22m[2m)[22m[32m 15[2mms[22m[39m
[90mstdout[2m | src/__tests__/cp-tenant-overrides.e2e.contract.test.ts[2m > [22m[2mCP tenant overrides (e2e contract)[2m > [22m[2mwrites overrides, hydrates, and applies to theme + entitlements
[22m[39m{"ts":"2026-02-01T20:40:51.654Z","level":"info","code":"OK","message":"Tenant overrides hydrated","correlationId":"corr_ad77047c-a220-4ab9-bfa7-d1d0f0a04dda","tenantId":"t1","actorId":"admin1","details":{"source":"vfs"}}

[90mstdout[2m | src/__tests__/cp-tenant-overrides.e2e.contract.test.ts[2m > [22m[2mCP tenant overrides (e2e contract)[2m > [22m[2mwrites overrides, hydrates, and applies to theme + entitlements
[22m[39m{"ts":"2026-02-01T20:40:51.655Z","level":"info","code":"OK","message":"CP wrote tenant overrides + hydrated","correlationId":"corr_ad77047c-a220-4ab9-bfa7-d1d0f0a04dda","tenantId":"t1","actorId":"admin1","details":{"hydrated":true,"source":"vfs"}}

 [32m✓[39m src/__tests__/cp-tenant-overrides.e2e.contract.test.ts [2m([22m[2m1 test[22m[2m)[22m[32m 13[2mms[22m[39m
 [32m✓[39m ../modules/core-system/ui/frontend-ts/pages/_shared/recommendations.contract.test.ts [2m([22m[2m2 tests[22m[2m)[22m[32m 27[2mms[22m[39m
 [32m✓[39m src/__tests__/policy-capabilities.contract.test.ts [2m([22m[2m2 tests[22m[2m)[22m[32m 11[2mms[22m[39m
 [32m✓[39m src/__tests__/devonly-route-guard.contract.test.ts [2m([22m[2m1 test[22m[2m)[22m[32m 10[2mms[22m[39m
 [32m✓[39m ../modules/core-system/ui/frontend-ts/pages/_shared/role-policy.test.ts [2m([22m[2m1 test[22m[2m)[22m[32m 9[2mms[22m[39m
[90mstdout[2m | src/__tests__/tenant-runtime-hydration.order.contract.test.ts[2m > [22m[2mtenant runtime hydration order (contract)[2m > [22m[2mhydrates safe-mode before overrides
[22m[39m{"ts":"2026-02-01T20:40:51.895Z","level":"info","code":"OK","message":"Tenant runtime hydrated","correlationId":"corr_bfba9b62-d19f-4811-bcdc-1e2ccc519628","tenantId":"t1","details":{"safeModeEnabled":false,"overridesHydrated":true}}

 [32m✓[39m src/__tests__/tenant-runtime-hydration.order.contract.test.ts [2m([22m[2m1 test[22m[2m)[22m[32m 11[2mms[22m[39m
 [32m✓[39m src/__tests__/audit-emit-helper.contract.test.ts [2m([22m[2m3 tests[22m[2m)[22m[32m 9[2mms[22m[39m
 [32m✓[39m src/__tests__/cache-audit-snapshot-system-panel.contract.test.ts [2m([22m[2m1 test[22m[2m)[22m[32m 4[2mms[22m[39m
 [32m✓[39m src/__tests__/control-plane-capabilities.contract.test.ts [2m([22m[2m2 tests[22m[2m)[22m[32m 3[2mms[22m[39m
 [32m✓[39m src/__tests__/control-plane-forcedflags-audit.contract.test.ts [2m([22m[2m3 tests[22m[2m)[22m[32m 8[2mms[22m[39m
 [32m✓[39m src/__tests__/audit-trace-context.contract.test.ts [2m([22m[2m2 tests[22m[2m)[22m[32m 5[2mms[22m[39m
 [32m✓[39m src/__tests__/safe-mode.enforce.contract.test.ts [2m([22m[2m5 tests[22m[2m)[22m[32m 7[2mms[22m[39m
 [32m✓[39m src/__tests__/diagnostic.export-tenant-runtime.evidence.test.ts [2m([22m[2m1 test[22m[2m)[22m[32m 6[2mms[22m[39m
 [32m✓[39m src/__tests__/control-plane-audit-shape.contract.test.ts [2m([22m[2m1 test[22m[2m)[22m[32m 9[2mms[22m[39m
 [32m✓[39m src/__tests__/safe-mode.enforcement-wiring.contract.test.ts [2m([22m[2m2 tests[22m[2m)[22m[32m 8[2mms[22m[39m
 [32m✓[39m src/__tests__/observability.contract.test.ts [2m([22m[2m1 test[22m[2m)[22m[32m 10[2mms[22m[39m
 [32m✓[39m src/__tests__/runtime-config.ssot.endpoint.contract.test.ts [2m([22m[2m4 tests[22m[2m)[22m[32m 5[2mms[22m[39m
 [32m✓[39m src/__tests__/app-login.session-scope.contract.test.ts [2m([22m[2m1 test[22m[2m)[22m[32m 4[2mms[22m[39m
 [32m✓[39m src/__tests__/safe-mode.runtime.contract.test.ts [2m([22m[2m2 tests[22m[2m)[22m[32m 11[2mms[22m[39m
 [32m✓[39m src/__tests__/safe-mode.write-guards.contract.test.ts [2m([22m[2m3 tests[22m[2m)[22m[32m 9[2mms[22m[39m
 [32m✓[39m src/__tests__/audit-redaction.contract.test.ts [2m([22m[2m2 tests[22m[2m)[22m[32m 7[2mms[22m[39m
 [32m✓[39m src/__tests__/subscription-persistence.contract.test.ts [2m([22m[2m2 tests[22m[2m)[22m[32m 5[2mms[22m[39m
 [32m✓[39m src/core/studio/runtime/execute.test.ts [2m([22m[2m5 tests[22m[2m)[22m[32m 5[2mms[22m[39m
 [32m✓[39m src/__tests__/auditlog-entitlements.contract.test.ts [2m([22m[2m1 test[22m[2m)[22m[32m 5[2mms[22m[39m
 [32m✓[39m src/__tests__/runtime-config-endpoint.shim.flag-on.contract.test.ts [2m([22m[2m2 tests[22m[2m)[22m[32m 9[2mms[22m[39m
 [32m✓[39m src/__tests__/runtime-config.contract.test.ts [2m([22m[2m2 tests[22m[2m)[22m[32m 5[2mms[22m[39m
 [32m✓[39m src/__tests__/control-plane-audit-scopes-registry.contract.test.ts [2m([22m[2m1 test[22m[2m)[22m[32m 8[2mms[22m[39m
 [32m✓[39m src/__tests__/audit-metrics-integration.contract.test.ts [2m([22m[2m1 test[22m[2m)[22m[32m 5[2mms[22m[39m
 [32m✓[39m src/core/studio/engine/internal/html-guards.test.ts [2m([22m[2m7 tests[22m[2m)[22m[32m 13[2mms[22m[39m
 [32m✓[39m src/__tests__/metrics-registry.contract.test.ts [2m([22m[2m2 tests[22m[2m)[22m[32m 4[2mms[22m[39m
 [32m✓[39m src/__tests__/subscription-guards.contract.test.ts [2m([22m[2m2 tests[22m[2m)[22m[32m 6[2mms[22m[39m
 [32m✓[39m src/__tests__/control-plane-audit-schema-version.contract.test.ts [2m([22m[2m2 tests[22m[2m)[22m[32m 5[2mms[22m[39m
 [32m✓[39m src/__tests__/cp-no-inline-styles.contract.test.ts [2m([22m[2m1 test[22m[2m)[22m[32m 5[2mms[22m[39m
 [32m✓[39m src/__tests__/tenant-overrides.contract.test.ts [2m([22m[2m3 tests[22m[2m)[22m[32m 5[2mms[22m[39m
 [32m✓[39m src/__tests__/no-import-sideeffects.contract.test.ts [2m([22m[2m1 test[22m[2m)[22m[32m 6[2mms[22m[39m
 [32m✓[39m src/__tests__/subscription-registry.contract.test.ts [2m([22m[2m2 tests[22m[2m)[22m[32m 4[2mms[22m[39m
 [32m✓[39m src/core/studio/runtime/plan.test.ts [2m([22m[2m5 tests[22m[2m)[22m[32m 6[2mms[22m[39m
 [32m✓[39m src/__tests__/audit.adapter.contract.test.ts [2m([22m[2m2 tests[22m[2m)[22m[32m 5[2mms[22m[39m
 [32m✓[39m src/dev/diagnostic.contract.test.ts [2m([22m[2m2 tests[22m[2m)[22m[32m 4[2mms[22m[39m
 [32m✓[39m src/__tests__/diagnostic.export.contract.test.ts [2m([22m[2m1 test[22m[2m)[22m[32m 3[2mms[22m[39m
 [32m✓[39m src/__tests__/control-plane-featureflags-alias.contract.test.ts [2m([22m[2m1 test[22m[2m)[22m[32m 5[2mms[22m[39m
 [32m✓[39m src/__tests__/entitlements-api.contract.test.ts [2m([22m[2m1 test[22m[2m)[22m[32m 5[2mms[22m[39m
 [32m✓[39m src/__tests__/studio-runtime.audit-shape.contract.test.ts [2m([22m[2m1 test[22m[2m)[22m[32m 7[2mms[22m[39m
 [32m✓[39m src/__tests__/feature-flags-enforce.contract.test.ts [2m([22m[2m5 tests[22m[2m)[22m[32m 4[2mms[22m[39m
 [32m✓[39m src/__tests__/subscription-kernel.contract.test.ts [2m([22m[2m4 tests[22m[2m)[22m[32m 4[2mms[22m[39m
 [32m✓[39m src/__tests__/runtime-config-endpoint.shim.flag-off-default.contract.test.ts [2m([22m[2m1 test[22m[2m)[22m[32m 5[2mms[22m[39m
 [32m✓[39m src/__tests__/cache-audit-snapshot.contract.test.ts [2m([22m[2m1 test[22m[2m)[22m[32m 4[2mms[22m[39m
 [32m✓[39m src/__tests__/version-policy-enforce.contract.test.ts [2m([22m[2m5 tests[22m[2m)[22m[32m 4[2mms[22m[39m
 [32m✓[39m src/__tests__/cache-audit-snapshot-guarantee.contract.test.ts [2m([22m[2m1 test[22m[2m)[22m[32m 4[2mms[22m[39m
 [32m✓[39m src/core/studio/runtime/execute.rbac.test.ts [2m([22m[2m4 tests[22m[2m)[22m[32m 3[2mms[22m[39m
 [32m✓[39m src/core/studio/runtime/pipeline.test.ts [2m([22m[2m1 test[22m[2m)[22m[32m 4[2mms[22m[39m
 [32m✓[39m src/__tests__/access-guard.contract.test.ts [2m([22m[2m2 tests[22m[2m)[22m[32m 4[2mms[22m[39m
 [32m✓[39m src/__tests__/studio-runtime.mkRuntime.contract.test.ts [2m([22m[2m1 test[22m[2m)[22m[32m 4[2mms[22m[39m
 [32m✓[39m src/__tests__/entitlements-manual.contract.test.ts [2m([22m[2m3 tests[22m[2m)[22m[32m 3[2mms[22m[39m
 [32m✓[39m src/__tests__/feature-flags-schema.contract.test.ts [2m([22m[2m5 tests[22m[2m)[22m[32m 3[2mms[22m[39m
 [32m✓[39m src/__tests__/studio-runtime.mkRuntime.invariants.contract.test.ts [2m([22m[2m2 tests[22m[2m)[22m[32m 5[2mms[22m[39m
 [32m✓[39m src/__tests__/cache-killswitch-audit.contract.test.ts [2m([22m[2m1 test[22m[2m)[22m[32m 4[2mms[22m[39m
 [32m✓[39m src/__tests__/auth-cookie.samesite-strict.contract.test.ts [2m([22m[2m2 tests[22m[2m)[22m[32m 4[2mms[22m[39m
 [32m✓[39m src/__tests__/studio-runtime.factory.contract.test.ts [2m([22m[2m1 test[22m[2m)[22m[32m 3[2mms[22m[39m
 [32m✓[39m src/__tests__/feature-flags-runtime.contract.test.ts [2m([22m[2m1 test[22m[2m)[22m[32m 3[2mms[22m[39m
 [32m✓[39m src/__tests__/version-policy-boot.contract.test.ts [2m([22m[2m3 tests[22m[2m)[22m[32m 3[2mms[22m[39m
 [32m✓[39m src/__tests__/feature-flags-boot.contract.test.ts [2m([22m[2m2 tests[22m[2m)[22m[32m 6[2mms[22m[39m
 [32m✓[39m src/__tests__/python3-only.entrypoint.contract.test.ts [2m([22m[2m1 test[22m[2m)[22m[32m 12[2mms[22m[39m
 [32m✓[39m src/__tests__/no-direct-location-hash.contract.test.ts [2m([22m[2m1 test[22m[2m)[22m[32m 3[2mms[22m[39m
 [32m✓[39m src/__tests__/feature-flags-governance.contract.test.ts [2m([22m[2m3 tests[22m[2m)[22m[32m 3[2mms[22m[39m
 [32m✓[39m src/__tests__/cp-login.session-scope.contract.test.ts [2m([22m[2m1 test[22m[2m)[22m[32m 4[2mms[22m[39m
 [32m✓[39m src/__tests__/cp-users-inline-styles.contract.test.ts [2m([22m[2m1 test[22m[2m)[22m[32m 3[2mms[22m[39m
 [32m✓[39m src/dev/showcase.contract.test.ts [2m([22m[2m2 tests[22m[2m)[22m[32m 5[2mms[22m[39m
 [32m✓[39m src/__tests__/feature-flags-loader.contract.test.ts [2m([22m[2m3 tests[22m[2m)[22m[32m 3[2mms[22m[39m
 [32m✓[39m src/__tests__/version-policy-runtime.contract.test.ts [2m([22m[2m3 tests[22m[2m)[22m[32m 3[2mms[22m[39m
 [32m✓[39m ../modules/core-system/ui/frontend-ts/pages/_shared/recommendations.test.ts [2m([22m[2m2 tests[22m[2m)[22m[32m 3[2mms[22m[39m
 [32m✓[39m src/__tests__/version-policy-loader.contract.test.ts [2m([22m[2m3 tests[22m[2m)[22m[32m 3[2mms[22m[39m
 [32m✓[39m src/__tests__/storage-namespace.contract.test.ts [2m([22m[2m2 tests[22m[2m)[22m[32m 4[2mms[22m[39m
 [32m✓[39m src/__tests__/diagnostic.devonly-routes.contract.test.ts [2m([22m[2m2 tests[22m[2m)[22m[32m 3[2mms[22m[39m
 [32m✓[39m src/__tests__/cp-release-gate.contract.test.ts [2m([22m[2m2 tests[22m[2m)[22m[32m 3[2mms[22m[39m
 [32m✓[39m src/__tests__/ui-modal.contract.test.ts [2m([22m[2m1 test[22m[2m)[22m[32m 3[2mms[22m[39m
 [32m✓[39m src/__tests__/login-entrypoint.ssot.contract.test.ts [2m([22m[2m1 test[22m[2m)[22m[32m 3[2mms[22m[39m
 [32m✓[39m src/__tests__/cp-release.provenance.contract.test.ts [2m([22m[2m1 test[22m[2m)[22m[32m 2[2mms[22m[39m
 [32m✓[39m src/__tests__/cp-bundle.verify.contract.test.ts [2m([22m[2m1 test[22m[2m)[22m[32m 2[2mms[22m[39m
 [32m✓[39m src/__tests__/ui-entitlements-pages.contract.test.ts [2m([22m[2m2 tests[22m[2m)[22m[32m 16[2mms[22m[39m
 [32m✓[39m src/__tests__/theme-manager.contract.test.ts [2m([22m[2m2 tests[22m[2m)[22m[32m 3[2mms[22m[39m
 [32m✓[39m src/__tests__/ui-entitlements-consumption.contract.test.ts [2m([22m[2m1 test[22m[2m)[22m[32m 3[2mms[22m[39m
 [32m✓[39m src/__tests__/runtime-exports-ssot.contract.test.ts [2m([22m[2m1 test[22m[2m)[22m[32m 3[2mms[22m[39m
 [32m✓[39m src/__tests__/devonly-routes-docgen.contract.test.ts [2m([22m[2m1 test[22m[2m)[22m[32m 3[2mms[22m[39m
 [32m✓[39m src/__tests__/runtime-config-endpoint.devonly.guard.contract.test.ts [2m([22m[2m1 test[22m[2m)[22m[32m 4[2mms[22m[39m
 [32m✓[39m src/__tests__/studio-runtime.safe-mode.factory.contract.test.ts [2m([22m[2m1 test[22m[2m)[22m[32m 3[2mms[22m[39m
 [32m✓[39m src/__tests__/theme-css-vars.contract.test.ts [2m([22m[2m1 test[22m[2m)[22m[32m 3[2mms[22m[39m
 [32m✓[39m ../modules/core-system/ui/frontend-ts/pages/_shared/recommendations.ctx.test.ts [2m([22m[2m1 test[22m[2m)[22m[32m 3[2mms[22m[39m
 [32m✓[39m src/__tests__/cp-rc-index.contract.test.ts [2m([22m[2m1 test[22m[2m)[22m[32m 2[2mms[22m[39m
 [32m✓[39m src/__tests__/error-codes.contract.test.ts [2m([22m[2m1 test[22m[2m)[22m[32m 2[2mms[22m[39m
 [2m[90m↓[39m[22m src/__tests__/devonly-routes.ssot.contract.test.ts [2m([22m[2m2 tests[22m[2m | [22m[33m2 skipped[39m[2m)[22m
 [2m[90m↓[39m[22m src/__tests__/ui-showcase.dev-only.contract.test.ts [2m([22m[2m1 test[22m[2m | [22m[33m1 skipped[39m[2m)[22m
 [2m[90m↓[39m[22m src/__tests__/ui-showcase.router-devonly.contract.test.ts [2m([22m[2m1 test[22m[2m | [22m[33m1 skipped[39m[2m)[22m
 [2m[90m↓[39m[22m src/__tests__/ui-showcase.runtime-devonly.contract.test.ts [2m([22m[2m3 tests[22m[2m | [22m[33m3 skipped[39m[2m)[22m
 [32m✓[39m ../modules/core-system/ui/frontend-ts/pages/_shared/safe-mode-write.test.ts [2m([22m[2m1 test[22m[2m)[22m[32m 2[2mms[22m[39m

[2m Test Files [22m [1m[32m136 passed[39m[22m[2m | [22m[33m4 skipped[39m[90m (140)[39m
[2m      Tests [22m [1m[32m280 passed[39m[22m[2m | [22m[33m7 skipped[39m[90m (287)[39m
[2m   Start at [22m 15:40:48
[2m   Duration [22m 7.38s[2m (transform 4.08s, setup 1.66s, import 5.75s, tests 4.60s, environment 16.23s)[22m

[preflight:prod] OK
OK: gate:runtime-config
OK: gate:no-node-in-browser
OK: gate:runtime-config-example-ssot
OK: gate:entitlements-kernel
OK: gate:no-raw-console
OK: gate:root-clean
OK: gate:boundaries-map
WARN_HARDCODED_COLORS: detected potential hardcoded colors (warn-only).
- app/src/styles/STYLE_ADMIN_FINAL.css
- app/src/styles/tokens.generated.css
- app/src/ui-v2-mockups/metier/components/CardMetierV2.tsx
OK: gate:no-hardcoded-colors-warn
OK: gate:tenant-overrides-no-node
OK: gate:cp-tenant-overrides-writer-warn
OK: gate:safe-mode-writer-warn
OK: gate:safe-mode-cp-only-warn
OK: gate:diagnostics-artifacts
OK: gate:workspaces-boundaries (SSOT)
OK: gate:modules-no-app-imports
OK: budget:hardcoded-colors count=3 max=9
OK: budget:no-raw-console count=0 max=0
OK: budget:safe-mode-cp-only count=0 max=0
OK: gate:release-artifacts-location
OK: RELEASE_MANIFEST.json generated
TAG_CREATED=rc-20260201_154033
OK: RELEASE RC
LOG=_audit/RELEASE_RC_20260201_154033.log
