
P5.7 start: 2026-02-01T16:12:10-05:00
repo=/Users/danygaudreault/iCONTROLapp
head=826c4e4
tags: rc-20260201_154033-r3 | prod-candidate-20260201_154033-r3 | baseline-p5_6-20260201_20260201_160716

--- node scripts/gates/generate-release-index.mjs ---
/Users/danygaudreault/iCONTROLapp/docs/release/RELEASE_INDEX.md

--- node scripts/gates/generate-release-bundle.mjs ---
/Users/danygaudreault/iCONTROLapp/docs/release/RELEASE_BUNDLE_20260201211210.json

--- node scripts/gates/generate-release-manifest.js ---
OK: RELEASE_MANIFEST.json generated

--- node scripts/gates/dist-tree-hash.mjs ---
3530a1235150a83bb368dcc7f61097a910c5966b1339f89bafef820715dfc2a5
copied: RELEASE_MANIFEST.json
copied: ASSETS_MANIFEST_LATEST.json

--- npm run -s gate:root-clean ---
OK: gate:root-clean

--- npm run -s gate:boundaries-map ---
OK: gate:boundaries-map

--- npm run -s gate:release-rc-artifacts ---
ERR_RELEASE_RC_TRACKED: _artifacts/ must not be tracked outside _artifacts/release/rc/**
- _artifacts/release/prod/prod-candidate-20260201_154033/PROVENANCE_20260201_160434.md
